TN:
SF:src/app.ts
FN:29,init
FN:34,close
FNF:2
FNH:1
FNDA:3,init
FNDA:0,close
DA:1,3
DA:2,3
DA:3,3
DA:4,3
DA:5,3
DA:6,3
DA:7,3
DA:17,3
DA:18,3
DA:29,3
DA:30,3
DA:31,3
DA:34,3
DA:35,0
DA:38,3
LF:15
LH:14
BRF:0
BRH:0
end_of_record
TN:
SF:src/protocols.ts
FNF:0
FNH:0
DA:6,0
LF:1
LH:0
BRF:0
BRH:0
end_of_record
TN:
SF:src/server.ts
FN:5,(anonymous_6)
FN:6,(anonymous_7)
FNF:2
FNH:0
FNDA:0,(anonymous_6)
FNDA:0,(anonymous_7)
DA:1,0
DA:3,0
DA:5,0
DA:6,0
DA:8,0
LF:5
LH:0
BRDA:3,0,0,0
BRDA:3,0,1,0
BRF:2
BRH:0
end_of_record
TN:
SF:src/config/database.ts
FN:5,connectDb
FN:9,disconnectDB
FNF:2
FNH:1
FNDA:3,connectDb
FNDA:0,disconnectDB
DA:1,3
DA:3,3
DA:5,3
DA:6,3
DA:9,3
DA:10,0
LF:6
LH:5
BRF:0
BRH:0
end_of_record
TN:
SF:src/config/envs.ts
FN:4,loadEnv
FNF:1
FNH:1
FNDA:3,loadEnv
DA:1,3
DA:2,3
DA:4,3
DA:6,3
DA:12,3
DA:13,3
LF:6
LH:6
BRDA:6,0,0,3
BRDA:6,0,1,0
BRDA:8,1,0,0
BRDA:8,1,1,0
BRF:4
BRH:1
end_of_record
TN:
SF:src/config/index.ts
FNF:0
FNH:0
DA:1,3
DA:2,3
LF:2
LH:2
BRF:0
BRH:0
end_of_record
TN:
SF:src/controllers/authentication-controller.ts
FN:5,postSignIn
FNF:1
FNH:1
FNDA:3,postSignIn
DA:1,3
DA:3,3
DA:5,3
DA:6,3
DA:7,3
DA:8,3
DA:9,1
DA:12,2
LF:8
LH:8
BRF:0
BRH:0
end_of_record
TN:
SF:src/controllers/credential-controllers.ts
FN:7,postCreateCredencial
FN:18,deleteCredential
FNF:2
FNH:2
FNDA:6,postCreateCredencial
FNDA:1,deleteCredential
DA:3,3
DA:5,3
DA:7,3
DA:8,6
DA:9,6
DA:10,6
DA:11,6
DA:12,6
DA:13,6
DA:15,1
DA:18,3
DA:19,1
DA:20,1
DA:22,1
DA:23,1
DA:24,1
DA:27,0
LF:17
LH:16
BRF:0
BRH:0
end_of_record
TN:
SF:src/controllers/index.ts
FNF:0
FNH:0
DA:1,3
DA:2,3
DA:3,3
DA:4,3
DA:5,3
LF:5
LH:5
BRF:0
BRH:0
end_of_record
TN:
SF:src/controllers/network-controller.ts
FN:9,createNetwork
FN:21,getNetworks
FN:33,findNetworksById
FN:46,deleteWifi
FNF:4
FNH:3
FNDA:4,createNetwork
FNDA:3,getNetworks
FNDA:0,findNetworksById
FNDA:1,deleteWifi
DA:3,3
DA:7,3
DA:9,3
DA:10,4
DA:11,4
DA:12,4
DA:13,4
DA:14,4
DA:15,4
DA:18,4
DA:21,3
DA:22,3
DA:24,3
DA:25,3
DA:26,3
DA:29,2
DA:33,3
DA:34,0
DA:35,0
DA:37,0
DA:38,0
DA:39,0
DA:42,0
DA:46,3
DA:47,1
DA:48,1
DA:50,1
DA:51,1
DA:52,1
DA:55,0
LF:30
LH:23
BRF:0
BRH:0
end_of_record
TN:
SF:src/controllers/records-controller.ts
FN:6,getCredentials
FN:18,getCredentialsById
FNF:2
FNH:2
FNDA:2,getCredentials
FNDA:3,getCredentialsById
DA:2,3
DA:4,3
DA:6,3
DA:7,2
DA:9,2
DA:10,2
DA:11,2
DA:14,0
DA:18,3
DA:19,3
DA:20,3
DA:22,3
DA:23,3
DA:24,3
DA:27,2
LF:15
LH:14
BRF:0
BRH:0
end_of_record
TN:
SF:src/controllers/sign-up-controller.ts
FN:6,postSignUp
FNF:1
FNH:1
FNDA:1,postSignUp
DA:2,3
DA:4,3
DA:6,3
DA:7,1
DA:8,1
DA:9,1
DA:10,1
DA:13,0
LF:8
LH:7
BRF:0
BRH:0
end_of_record
TN:
SF:src/errors/conflict-error.ts
FN:3,conflictError
FNF:1
FNH:0
FNDA:0,conflictError
DA:3,3
DA:4,0
LF:2
LH:1
BRF:0
BRH:0
end_of_record
TN:
SF:src/errors/index.ts
FNF:0
FNH:0
DA:1,3
DA:2,3
DA:3,3
DA:4,3
LF:4
LH:4
BRF:0
BRH:0
end_of_record
TN:
SF:src/errors/invalid-data-error.ts
FN:3,invalidDataError
FNF:1
FNH:1
FNDA:4,invalidDataError
DA:3,3
DA:4,4
LF:2
LH:2
BRF:0
BRH:0
end_of_record
TN:
SF:src/errors/not-found-error.ts
FN:3,notFoundError
FNF:1
FNH:0
FNDA:0,notFoundError
DA:3,3
DA:4,0
LF:2
LH:1
BRF:0
BRH:0
end_of_record
TN:
SF:src/errors/unauthorized-error.ts
FN:3,unauthorizedError
FNF:1
FNH:1
FNDA:4,unauthorizedError
DA:3,3
DA:4,4
LF:2
LH:2
BRF:0
BRH:0
end_of_record
TN:
SF:src/middlewares/authentication-middleware.ts
FN:6,authenticateToken
FN:24,generateUnauthorizedResponse
FNF:2
FNH:2
FNDA:26,authenticateToken
FNDA:4,generateUnauthorizedResponse
DA:2,3
DA:3,3
DA:4,3
DA:6,3
DA:7,26
DA:8,26
DA:10,22
DA:11,22
DA:13,22
DA:14,22
DA:16,22
DA:18,22
DA:20,0
DA:25,4
LF:14
LH:13
BRDA:8,0,0,4
BRDA:11,1,0,0
BRF:2
BRH:1
end_of_record
TN:
SF:src/middlewares/error-handling-middleware.ts
FN:5,handleApplicationErrors
FNF:1
FNH:0
FNDA:0,handleApplicationErrors
DA:2,3
DA:5,3
DA:11,0
DA:12,0
DA:17,0
DA:18,0
DA:23,0
DA:24,0
DA:29,0
DA:30,0
DA:35,0
DA:36,0
DA:41,0
DA:42,0
DA:48,0
DA:49,0
LF:16
LH:2
BRDA:11,0,0,0
BRDA:17,1,0,0
BRDA:17,2,0,0
BRDA:17,2,1,0
BRDA:23,3,0,0
BRDA:29,4,0,0
BRDA:35,5,0,0
BRDA:41,6,0,0
BRF:8
BRH:0
end_of_record
TN:
SF:src/middlewares/index.ts
FNF:0
FNH:0
DA:1,3
DA:2,3
DA:3,3
LF:3
LH:3
BRF:0
BRH:0
end_of_record
TN:
SF:src/middlewares/validation-middleware.ts
FN:6,validateBody
FN:10,validateParams
FN:14,validate
FN:15,(anonymous_4)
FN:23,(anonymous_5)
FNF:5
FNH:4
FNDA:15,validateBody
FNDA:0,validateParams
FNDA:15,validate
FNDA:14,(anonymous_4)
FNDA:14,(anonymous_5)
DA:1,3
DA:3,3
DA:6,3
DA:7,15
DA:10,3
DA:11,0
DA:15,15
DA:16,14
DA:20,14
DA:21,10
DA:23,14
LF:11
LH:10
BRDA:20,0,0,10
BRDA:20,0,1,4
BRF:2
BRH:2
end_of_record
TN:
SF:src/repositories/credential-repository/index.ts
FN:4,createCredential
FN:15,findManyCredencials
FN:24,findManyCredencialsTitle
FN:33,findByUserId
FN:42,deleteById
FNF:5
FNH:5
FNDA:5,createCredential
FNDA:6,findManyCredencials
FNDA:6,findManyCredencialsTitle
FNDA:6,findByUserId
FNDA:1,deleteById
DA:1,3
DA:5,5
DA:12,5
DA:16,6
DA:22,6
DA:25,6
DA:31,6
DA:34,6
DA:39,6
DA:43,1
DA:49,1
DA:50,0
DA:53,1
DA:56,3
DA:64,3
LF:15
LH:14
BRDA:49,0,0,0
BRDA:49,1,0,1
BRDA:49,1,1,1
BRF:3
BRH:2
end_of_record
TN:
SF:src/repositories/network-repository/index.ts
FN:5,networkCreate
FN:13,getNetworkById
FN:25,findNetworks
FN:34,deleteNetworkById
FNF:4
FNH:4
FNDA:4,networkCreate
FNDA:1,getNetworkById
FNDA:3,findNetworks
FNDA:1,deleteNetworkById
DA:1,3
DA:6,4
DA:14,1
DA:20,1
DA:21,0
DA:23,1
DA:26,3
DA:32,3
DA:35,1
DA:41,1
DA:44,3
DA:51,3
LF:12
LH:11
BRDA:20,0,0,0
BRDA:20,1,0,1
BRDA:20,1,1,1
BRF:3
BRH:2
end_of_record
TN:
SF:src/repositories/records-repository/index.ts
FN:3,getRecords
FN:10,getRecordById
FNF:2
FNH:2
FNDA:2,getRecords
FNDA:4,getRecordById
DA:1,3
DA:4,2
DA:11,4
DA:17,4
DA:18,2
DA:21,2
DA:25,3
DA:30,3
LF:8
LH:8
BRDA:17,0,0,2
BRDA:17,1,0,4
BRDA:17,1,1,2
BRF:3
BRH:3
end_of_record
TN:
SF:src/repositories/sign-up-repository/index.ts
FN:5,create
FN:11,findByEmail
FNF:2
FNH:2
FNDA:1,create
FNDA:1,findByEmail
DA:1,3
DA:6,1
DA:12,1
DA:16,1
DA:21,3
DA:27,3
LF:6
LH:6
BRF:0
BRH:0
end_of_record
TN:
SF:src/repositories/user-repository.ts/index.ts
FN:4,findByEmail
FNF:1
FNH:1
FNDA:3,findByEmail
DA:1,3
DA:5,3
DA:9,3
DA:13,3
DA:18,3
LF:5
LH:5
BRF:0
BRH:0
end_of_record
TN:
SF:src/routers/authentication-router.ts
FNF:0
FNH:0
DA:1,3
DA:2,3
DA:3,3
DA:4,3
DA:7,3
DA:9,3
DA:11,3
DA:13,3
LF:8
LH:8
BRF:0
BRH:0
end_of_record
TN:
SF:src/routers/credential-router.ts
FNF:0
FNH:0
DA:1,3
DA:2,3
DA:3,3
DA:4,3
DA:7,3
DA:9,3
DA:14,3
LF:7
LH:7
BRF:0
BRH:0
end_of_record
TN:
SF:src/routers/home-router.ts
FNF:0
FNH:0
DA:1,3
DA:2,3
DA:3,3
DA:6,3
DA:8,3
DA:12,3
LF:6
LH:6
BRF:0
BRH:0
end_of_record
TN:
SF:src/routers/index.ts
FNF:0
FNH:0
DA:1,3
DA:2,3
DA:3,3
DA:4,3
DA:5,3
LF:5
LH:5
BRF:0
BRH:0
end_of_record
TN:
SF:src/routers/network-router.ts
FNF:0
FNH:0
DA:1,3
DA:2,3
DA:3,3
DA:6,3
DA:8,3
DA:14,3
LF:6
LH:6
BRF:0
BRH:0
end_of_record
TN:
SF:src/routers/sign-up-router.ts
FNF:0
FNH:0
DA:1,3
DA:2,3
DA:3,3
DA:4,3
DA:7,3
DA:9,3
DA:11,3
DA:12,3
LF:8
LH:8
BRF:0
BRH:0
end_of_record
TN:
SF:src/schemas/authentication-schemas.ts
FNF:0
FNH:0
DA:1,3
DA:5,3
DA:10,3
DA:15,3
LF:4
LH:4
BRF:0
BRH:0
end_of_record
TN:
SF:src/schemas/index.ts
FNF:0
FNH:0
DA:1,3
LF:1
LH:1
BRF:0
BRH:0
end_of_record
TN:
SF:src/services/index.ts
FNF:0
FNH:0
DA:1,0
DA:2,0
DA:3,0
DA:4,0
DA:5,0
LF:5
LH:0
BRF:0
BRH:0
end_of_record
TN:
SF:src/services/authentication-service/errors.ts
FN:3,invalidCredentialsError
FNF:1
FNH:1
FNDA:2,invalidCredentialsError
DA:3,3
DA:4,2
LF:2
LH:2
BRF:0
BRH:0
end_of_record
TN:
SF:src/services/authentication-service/index.ts
FN:9,signIn
FN:24,getUserOrFail
FN:31,createToken
FN:37,validatePasswordOrFail
FNF:4
FNH:4
FNDA:3,signIn
FNDA:3,getUserOrFail
FNDA:1,createToken
FNDA:2,validatePasswordOrFail
DA:2,3
DA:3,3
DA:4,3
DA:5,3
DA:6,3
DA:10,3
DA:12,3
DA:14,2
DA:16,1
DA:18,1
DA:25,3
DA:26,3
DA:28,2
DA:32,1
DA:34,1
DA:38,2
DA:39,2
DA:50,3
DA:54,3
DA:55,3
LF:20
LH:20
BRDA:26,0,0,1
BRDA:39,1,0,1
BRF:2
BRH:2
end_of_record
TN:
SF:src/services/credential-service/index.ts
FN:10,credentialCreate
FN:33,deleteCredentialById
FNF:2
FNH:2
FNDA:6,credentialCreate
FNDA:1,deleteCredentialById
DA:3,3
DA:4,3
DA:5,3
DA:6,3
DA:7,3
DA:11,6
DA:12,6
DA:13,0
DA:15,6
DA:16,6
DA:17,6
DA:18,0
DA:22,6
DA:23,1
DA:27,5
DA:29,5
DA:30,5
DA:34,1
DA:35,1
DA:36,0
DA:38,1
DA:40,1
DA:41,0
DA:43,1
DA:46,1
DA:50,3
DA:54,3
LF:27
LH:23
BRDA:12,0,0,0
BRDA:12,1,0,6
BRDA:12,1,1,6
BRDA:17,2,0,0
BRDA:22,3,0,1
BRDA:35,4,0,0
BRDA:40,5,0,0
BRDA:40,6,0,1
BRDA:40,6,1,1
BRF:9
BRH:5
end_of_record
TN:
SF:src/services/netwok-service/index.ts
FN:9,networkCreate
FN:18,listNetworks
FN:26,(anonymous_3)
FN:30,(anonymous_4)
FN:37,listNetworkById
FN:52,deleteWifiById
FNF:6
FNH:5
FNDA:4,networkCreate
FNDA:3,listNetworks
FNDA:1,(anonymous_3)
FNDA:1,(anonymous_4)
FNDA:0,listNetworkById
FNDA:1,deleteWifiById
DA:3,3
DA:4,3
DA:5,3
DA:7,3
DA:10,4
DA:11,0
DA:13,4
DA:14,4
DA:15,4
DA:19,3
DA:20,0
DA:22,3
DA:23,3
DA:24,2
DA:26,1
DA:27,1
DA:30,1
DA:31,1
DA:32,1
DA:34,1
DA:38,0
DA:39,0
DA:40,0
DA:42,0
DA:44,0
DA:45,0
DA:47,0
DA:48,0
DA:50,0
DA:53,1
DA:54,1
DA:55,0
DA:57,1
DA:59,1
DA:60,0
DA:62,1
DA:64,1
DA:65,0
DA:69,1
DA:72,3
DA:79,3
LF:41
LH:27
BRDA:10,0,0,0
BRDA:19,1,0,0
BRDA:23,2,0,2
BRDA:23,3,0,3
BRDA:23,3,1,3
BRDA:27,4,0,0
BRDA:39,5,0,0
BRDA:44,6,0,0
BRDA:44,7,0,0
BRDA:44,7,1,0
BRDA:54,8,0,0
BRDA:59,9,0,0
BRDA:59,10,0,1
BRDA:59,10,1,1
BRDA:64,11,0,0
BRDA:64,12,0,1
BRDA:64,12,1,1
BRF:17
BRH:7
end_of_record
TN:
SF:src/services/records-service/index.ts
FN:9,listRecords
FN:18,(anonymous_2)
FN:25,listRecordsById
FNF:3
FNH:3
FNDA:2,listRecords
FNDA:3,(anonymous_2)
FNDA:3,listRecordsById
DA:1,3
DA:4,3
DA:5,3
DA:6,3
DA:10,2
DA:11,0
DA:14,2
DA:15,2
DA:16,0
DA:18,2
DA:19,3
DA:20,3
DA:23,2
DA:26,3
DA:27,3
DA:28,0
DA:30,3
DA:32,3
DA:33,2
DA:35,1
DA:36,1
DA:38,1
DA:42,3
DA:46,3
LF:24
LH:21
BRDA:10,0,0,0
BRDA:15,1,0,0
BRDA:15,2,0,2
BRDA:15,2,1,2
BRDA:27,3,0,0
BRDA:32,4,0,2
BRDA:32,5,0,3
BRDA:32,5,1,1
BRF:8
BRH:5
end_of_record
TN:
SF:src/services/sign-up-service/index.ts
FN:12,signUp
FN:24,checkIfEmailExists
FN:31,hashPassword
FNF:3
FNH:3
FNDA:1,signUp
FNDA:1,checkIfEmailExists
FNDA:1,hashPassword
DA:3,3
DA:4,3
DA:5,3
DA:8,3
DA:13,1
DA:15,1
DA:17,1
DA:18,1
DA:19,1
DA:21,1
DA:25,1
DA:26,1
DA:27,0
DA:32,1
DA:33,0
DA:36,1
DA:37,1
DA:41,3
DA:44,3
LF:19
LH:17
BRDA:26,0,0,0
BRDA:32,1,0,0
BRF:2
BRH:0
end_of_record
TN:
SF:src/utils/prisma-utils.ts
FN:1,exclude
FNF:1
FNH:1
FNDA:1,exclude
DA:1,3
DA:2,1
DA:3,1
DA:4,1
DA:6,1
LF:5
LH:5
BRF:0
BRH:0
end_of_record
