TN:
SF:src/app.ts
FN:29,init
FN:34,close
FNF:2
FNH:1
FNDA:2,init
FNDA:0,close
DA:1,2
DA:2,2
DA:3,2
DA:4,2
DA:5,2
DA:6,2
DA:7,2
DA:17,2
DA:18,2
DA:29,2
DA:30,2
DA:31,2
DA:34,2
DA:35,0
DA:38,2
LF:15
LH:14
BRF:0
BRH:0
end_of_record
TN:
SF:src/protocols.ts
FNF:0
FNH:0
DA:6,0
LF:1
LH:0
BRF:0
BRH:0
end_of_record
TN:
SF:src/server.ts
FN:5,(anonymous_6)
FN:6,(anonymous_7)
FNF:2
FNH:0
FNDA:0,(anonymous_6)
FNDA:0,(anonymous_7)
DA:1,0
DA:3,0
DA:5,0
DA:6,0
DA:8,0
LF:5
LH:0
BRDA:3,0,0,0
BRDA:3,0,1,0
BRF:2
BRH:0
end_of_record
TN:
SF:src/config/database.ts
FN:5,connectDb
FN:9,disconnectDB
FNF:2
FNH:1
FNDA:2,connectDb
FNDA:0,disconnectDB
DA:1,2
DA:3,2
DA:5,2
DA:6,2
DA:9,2
DA:10,0
LF:6
LH:5
BRF:0
BRH:0
end_of_record
TN:
SF:src/config/envs.ts
FN:4,loadEnv
FNF:1
FNH:1
FNDA:2,loadEnv
DA:1,2
DA:2,2
DA:4,2
DA:6,2
DA:12,2
DA:13,2
LF:6
LH:6
BRDA:6,0,0,2
BRDA:6,0,1,0
BRDA:8,1,0,0
BRDA:8,1,1,0
BRF:4
BRH:1
end_of_record
TN:
SF:src/config/index.ts
FNF:0
FNH:0
DA:1,2
DA:2,2
LF:2
LH:2
BRF:0
BRH:0
end_of_record
TN:
SF:src/controllers/authentication-controller.ts
FN:5,postSignIn
FNF:1
FNH:1
FNDA:3,postSignIn
DA:1,2
DA:3,2
DA:5,2
DA:6,3
DA:7,3
DA:8,3
DA:9,1
DA:12,2
LF:8
LH:8
BRF:0
BRH:0
end_of_record
TN:
SF:src/controllers/credential-controllers.ts
FN:7,postCreateCredencial
FN:19,deleteCredential
FNF:2
FNH:0
FNDA:0,postCreateCredencial
FNDA:0,deleteCredential
DA:3,2
DA:5,2
DA:7,2
DA:8,0
DA:9,0
DA:10,0
DA:11,0
DA:12,0
DA:13,0
DA:16,0
DA:19,2
DA:20,0
DA:21,0
DA:23,0
DA:24,0
DA:25,0
DA:28,0
LF:17
LH:4
BRF:0
BRH:0
end_of_record
TN:
SF:src/controllers/index.ts
FNF:0
FNH:0
DA:1,2
DA:2,2
DA:3,2
DA:4,2
DA:5,2
LF:5
LH:5
BRF:0
BRH:0
end_of_record
TN:
SF:src/controllers/network-controller.ts
FN:9,createNetwork
FN:21,getNetworks
FN:33,findNetworksById
FN:46,deleteWifi
FNF:4
FNH:0
FNDA:0,createNetwork
FNDA:0,getNetworks
FNDA:0,findNetworksById
FNDA:0,deleteWifi
DA:3,2
DA:7,2
DA:9,2
DA:10,0
DA:11,0
DA:12,0
DA:13,0
DA:14,0
DA:15,0
DA:18,0
DA:21,2
DA:22,0
DA:24,0
DA:25,0
DA:26,0
DA:29,0
DA:33,2
DA:34,0
DA:35,0
DA:37,0
DA:38,0
DA:39,0
DA:42,0
DA:46,2
DA:47,0
DA:48,0
DA:50,0
DA:51,0
DA:52,0
DA:55,0
LF:30
LH:6
BRF:0
BRH:0
end_of_record
TN:
SF:src/controllers/records-controller.ts
FN:6,getCredentials
FN:18,getCredentialsById
FNF:2
FNH:0
FNDA:0,getCredentials
FNDA:0,getCredentialsById
DA:2,2
DA:4,2
DA:6,2
DA:7,0
DA:9,0
DA:10,0
DA:11,0
DA:14,0
DA:18,2
DA:19,0
DA:20,0
DA:22,0
DA:23,0
DA:24,0
DA:27,0
LF:15
LH:4
BRF:0
BRH:0
end_of_record
TN:
SF:src/controllers/sign-up-controller.ts
FN:6,postSignUp
FNF:1
FNH:0
FNDA:0,postSignUp
DA:2,2
DA:4,2
DA:6,2
DA:7,0
DA:8,0
DA:9,0
DA:10,0
DA:13,0
LF:8
LH:3
BRF:0
BRH:0
end_of_record
TN:
SF:src/errors/conflict-error.ts
FN:3,conflictError
FNF:1
FNH:0
FNDA:0,conflictError
DA:3,2
DA:4,0
LF:2
LH:1
BRF:0
BRH:0
end_of_record
TN:
SF:src/errors/index.ts
FNF:0
FNH:0
DA:1,2
DA:2,2
DA:3,2
DA:4,2
LF:4
LH:4
BRF:0
BRH:0
end_of_record
TN:
SF:src/errors/invalid-data-error.ts
FN:3,invalidDataError
FNF:1
FNH:1
FNDA:2,invalidDataError
DA:3,2
DA:4,2
LF:2
LH:2
BRF:0
BRH:0
end_of_record
TN:
SF:src/errors/not-found-error.ts
FN:3,notFoundError
FNF:1
FNH:0
FNDA:0,notFoundError
DA:3,2
DA:4,0
LF:2
LH:1
BRF:0
BRH:0
end_of_record
TN:
SF:src/errors/unauthorized-error.ts
FN:3,unauthorizedError
FNF:1
FNH:0
FNDA:0,unauthorizedError
DA:3,2
DA:4,0
LF:2
LH:1
BRF:0
BRH:0
end_of_record
TN:
SF:src/middlewares/authentication-middleware.ts
FN:6,authenticateToken
FN:24,generateUnauthorizedResponse
FNF:2
FNH:0
FNDA:0,authenticateToken
FNDA:0,generateUnauthorizedResponse
DA:2,2
DA:3,2
DA:4,2
DA:6,2
DA:7,0
DA:8,0
DA:10,0
DA:11,0
DA:13,0
DA:14,0
DA:16,0
DA:18,0
DA:20,0
DA:25,0
LF:14
LH:4
BRDA:8,0,0,0
BRDA:11,1,0,0
BRF:2
BRH:0
end_of_record
TN:
SF:src/middlewares/error-handling-middleware.ts
FN:5,handleApplicationErrors
FNF:1
FNH:0
FNDA:0,handleApplicationErrors
DA:2,2
DA:5,2
DA:11,0
DA:12,0
DA:17,0
DA:18,0
DA:23,0
DA:24,0
DA:29,0
DA:30,0
DA:35,0
DA:36,0
DA:41,0
DA:42,0
DA:48,0
DA:49,0
LF:16
LH:2
BRDA:11,0,0,0
BRDA:17,1,0,0
BRDA:17,2,0,0
BRDA:17,2,1,0
BRDA:23,3,0,0
BRDA:29,4,0,0
BRDA:35,5,0,0
BRDA:41,6,0,0
BRF:8
BRH:0
end_of_record
TN:
SF:src/middlewares/index.ts
FNF:0
FNH:0
DA:1,2
DA:2,2
DA:3,2
LF:3
LH:3
BRF:0
BRH:0
end_of_record
TN:
SF:src/middlewares/validation-middleware.ts
FN:6,validateBody
FN:10,validateParams
FN:14,validate
FN:15,(anonymous_4)
FN:23,(anonymous_5)
FNF:5
FNH:4
FNDA:8,validateBody
FNDA:0,validateParams
FNDA:8,validate
FNDA:5,(anonymous_4)
FNDA:5,(anonymous_5)
DA:1,2
DA:3,2
DA:6,2
DA:7,8
DA:10,2
DA:11,0
DA:15,8
DA:16,5
DA:20,5
DA:21,3
DA:23,5
LF:11
LH:10
BRDA:20,0,0,3
BRDA:20,0,1,2
BRF:2
BRH:2
end_of_record
TN:
SF:src/repositories/credential-repository/index.ts
FN:4,createCredential
FN:13,findManyCredencials
FN:21,findManyCredencialsTitle
FN:29,deleteById
FNF:4
FNH:0
FNDA:0,createCredential
FNDA:0,findManyCredencials
FNDA:0,findManyCredencialsTitle
FNDA:0,deleteById
DA:1,2
DA:5,0
DA:14,0
DA:22,0
DA:30,0
DA:36,0
DA:37,0
DA:40,0
DA:43,2
DA:50,2
LF:10
LH:3
BRDA:36,0,0,0
BRDA:36,1,0,0
BRDA:36,1,1,0
BRF:3
BRH:0
end_of_record
TN:
SF:src/repositories/network-repository/index.ts
FN:5,networkCreate
FN:13,getNetworkById
FN:25,findNetworks
FN:34,deleteNetworkById
FNF:4
FNH:0
FNDA:0,networkCreate
FNDA:0,getNetworkById
FNDA:0,findNetworks
FNDA:0,deleteNetworkById
DA:1,2
DA:6,0
DA:14,0
DA:20,0
DA:21,0
DA:23,0
DA:26,0
DA:32,0
DA:35,0
DA:41,0
DA:44,2
DA:51,2
LF:12
LH:3
BRDA:20,0,0,0
BRDA:20,1,0,0
BRDA:20,1,1,0
BRF:3
BRH:0
end_of_record
TN:
SF:src/repositories/records-repository/index.ts
FN:3,getRecords
FN:10,getRecordById
FNF:2
FNH:0
FNDA:0,getRecords
FNDA:0,getRecordById
DA:1,2
DA:4,0
DA:11,0
DA:17,0
DA:18,0
DA:21,0
DA:25,2
DA:30,2
LF:8
LH:3
BRDA:17,0,0,0
BRDA:17,1,0,0
BRDA:17,1,1,0
BRF:3
BRH:0
end_of_record
TN:
SF:src/repositories/sign-up-repository/index.ts
FN:5,create
FN:11,findByEmail
FNF:2
FNH:0
FNDA:0,create
FNDA:0,findByEmail
DA:1,2
DA:6,0
DA:12,0
DA:16,0
DA:21,2
DA:27,2
LF:6
LH:3
BRF:0
BRH:0
end_of_record
TN:
SF:src/repositories/user-repository.ts/index.ts
FN:4,findByEmail
FNF:1
FNH:1
FNDA:3,findByEmail
DA:1,2
DA:5,3
DA:9,3
DA:13,2
DA:18,2
LF:5
LH:5
BRF:0
BRH:0
end_of_record
TN:
SF:src/routers/authentication-router.ts
FNF:0
FNH:0
DA:1,2
DA:2,2
DA:3,2
DA:4,2
DA:7,2
DA:9,2
DA:11,2
DA:13,2
LF:8
LH:8
BRF:0
BRH:0
end_of_record
TN:
SF:src/routers/credential-router.ts
FNF:0
FNH:0
DA:1,2
DA:2,2
DA:3,2
DA:6,2
DA:8,2
DA:13,2
LF:6
LH:6
BRF:0
BRH:0
end_of_record
TN:
SF:src/routers/home-router.ts
FNF:0
FNH:0
DA:1,2
DA:2,2
DA:3,2
DA:6,2
DA:8,2
DA:12,2
LF:6
LH:6
BRF:0
BRH:0
end_of_record
TN:
SF:src/routers/index.ts
FNF:0
FNH:0
DA:1,2
DA:2,2
DA:3,2
DA:4,2
DA:5,2
LF:5
LH:5
BRF:0
BRH:0
end_of_record
TN:
SF:src/routers/network-router.ts
FNF:0
FNH:0
DA:1,2
DA:2,2
DA:3,2
DA:6,2
DA:8,2
DA:14,2
LF:6
LH:6
BRF:0
BRH:0
end_of_record
TN:
SF:src/routers/sign-up-router.ts
FNF:0
FNH:0
DA:1,2
DA:2,2
DA:3,2
DA:4,2
DA:7,2
DA:9,2
DA:11,2
DA:12,2
LF:8
LH:8
BRF:0
BRH:0
end_of_record
TN:
SF:src/schemas/authentication-schemas.ts
FNF:0
FNH:0
DA:1,2
DA:4,2
DA:9,2
LF:3
LH:3
BRF:0
BRH:0
end_of_record
TN:
SF:src/schemas/index.ts
FNF:0
FNH:0
DA:1,2
LF:1
LH:1
BRF:0
BRH:0
end_of_record
TN:
SF:src/services/index.ts
FNF:0
FNH:0
DA:1,0
DA:2,0
DA:3,0
DA:4,0
DA:5,0
LF:5
LH:0
BRF:0
BRH:0
end_of_record
TN:
SF:src/services/authentication-service/errors.ts
FN:3,invalidCredentialsError
FNF:1
FNH:1
FNDA:2,invalidCredentialsError
DA:3,2
DA:4,2
LF:2
LH:2
BRF:0
BRH:0
end_of_record
TN:
SF:src/services/authentication-service/index.ts
FN:9,signIn
FN:24,getUserOrFail
FN:31,createToken
FN:37,validatePasswordOrFail
FNF:4
FNH:4
FNDA:3,signIn
FNDA:3,getUserOrFail
FNDA:1,createToken
FNDA:2,validatePasswordOrFail
DA:2,2
DA:3,2
DA:4,2
DA:5,2
DA:6,2
DA:10,3
DA:12,3
DA:14,2
DA:16,1
DA:18,1
DA:25,3
DA:26,3
DA:28,2
DA:32,1
DA:34,1
DA:38,2
DA:39,2
DA:50,2
DA:54,2
DA:55,2
LF:20
LH:20
BRDA:26,0,0,1
BRDA:39,1,0,1
BRF:2
BRH:2
end_of_record
TN:
SF:src/services/credential-service/index.ts
FN:11,credentialCreate
FN:32,deleteCredentialById
FNF:2
FNH:1
FNDA:2,credentialCreate
FNDA:0,deleteCredentialById
DA:2,2
DA:4,2
DA:5,2
DA:6,2
DA:7,2
DA:12,2
DA:13,0
DA:14,0
DA:15,0
DA:16,0
DA:17,0
DA:21,0
DA:22,0
DA:26,0
DA:28,0
DA:29,0
DA:33,0
DA:34,0
DA:35,0
DA:37,0
DA:39,0
DA:40,0
DA:42,0
DA:45,0
DA:49,2
DA:53,2
LF:26
LH:8
BRDA:16,0,0,0
BRDA:21,1,0,0
BRDA:34,2,0,0
BRDA:39,3,0,0
BRDA:39,4,0,0
BRDA:39,4,1,0
BRF:6
BRH:0
end_of_record
TN:
SF:src/services/netwok-service/index.ts
FN:10,networkCreate
FN:19,listNetworks
FN:27,(anonymous_3)
FN:31,(anonymous_4)
FN:38,listNetworkById
FN:53,deleteWifiById
FNF:6
FNH:0
FNDA:0,networkCreate
FNDA:0,listNetworks
FNDA:0,(anonymous_3)
FNDA:0,(anonymous_4)
FNDA:0,listNetworkById
FNDA:0,deleteWifiById
DA:3,2
DA:4,2
DA:5,2
DA:8,2
DA:11,0
DA:12,0
DA:14,0
DA:15,0
DA:16,0
DA:20,0
DA:21,0
DA:23,0
DA:24,0
DA:25,0
DA:27,0
DA:28,0
DA:31,0
DA:32,0
DA:33,0
DA:35,0
DA:39,0
DA:40,0
DA:41,0
DA:43,0
DA:45,0
DA:46,0
DA:48,0
DA:49,0
DA:51,0
DA:54,0
DA:55,0
DA:56,0
DA:58,0
DA:60,0
DA:61,0
DA:63,0
DA:65,0
DA:66,0
DA:70,0
DA:73,2
DA:80,2
LF:41
LH:6
BRDA:11,0,0,0
BRDA:20,1,0,0
BRDA:24,2,0,0
BRDA:24,3,0,0
BRDA:24,3,1,0
BRDA:28,4,0,0
BRDA:40,5,0,0
BRDA:45,6,0,0
BRDA:45,7,0,0
BRDA:45,7,1,0
BRDA:55,8,0,0
BRDA:60,9,0,0
BRDA:60,10,0,0
BRDA:60,10,1,0
BRDA:65,11,0,0
BRDA:65,12,0,0
BRDA:65,12,1,0
BRF:17
BRH:0
end_of_record
TN:
SF:src/services/records-service/index.ts
FN:9,listRecords
FN:18,(anonymous_2)
FN:25,listRecordsById
FNF:3
FNH:0
FNDA:0,listRecords
FNDA:0,(anonymous_2)
FNDA:0,listRecordsById
DA:1,2
DA:4,2
DA:5,2
DA:6,2
DA:10,0
DA:11,0
DA:14,0
DA:15,0
DA:16,0
DA:18,0
DA:19,0
DA:20,0
DA:23,0
DA:26,0
DA:27,0
DA:28,0
DA:30,0
DA:32,0
DA:33,0
DA:35,0
DA:36,0
DA:38,0
DA:42,2
DA:46,2
LF:24
LH:6
BRDA:10,0,0,0
BRDA:15,1,0,0
BRDA:15,2,0,0
BRDA:15,2,1,0
BRDA:27,3,0,0
BRDA:32,4,0,0
BRDA:32,5,0,0
BRDA:32,5,1,0
BRF:8
BRH:0
end_of_record
TN:
SF:src/services/sign-up-service/index.ts
FN:12,signUp
FN:24,checkIfEmailExists
FN:31,hashPassword
FNF:3
FNH:0
FNDA:0,signUp
FNDA:0,checkIfEmailExists
FNDA:0,hashPassword
DA:3,2
DA:4,2
DA:5,2
DA:8,2
DA:13,0
DA:15,0
DA:17,0
DA:18,0
DA:19,0
DA:21,0
DA:25,0
DA:26,0
DA:27,0
DA:32,0
DA:33,0
DA:36,0
DA:37,0
DA:41,2
DA:44,2
LF:19
LH:6
BRDA:26,0,0,0
BRDA:32,1,0,0
BRF:2
BRH:0
end_of_record
TN:
SF:src/utils/prisma-utils.ts
FN:1,exclude
FNF:1
FNH:1
FNDA:1,exclude
DA:1,2
DA:2,1
DA:3,1
DA:4,1
DA:6,1
LF:5
LH:5
BRF:0
BRH:0
end_of_record
